<?xml version="1.0" encoding="UTF-8"?>
<!-- Generated by org.testng.reporters.JUnitReportReporter -->
<testsuite hostname="DESKTOP-01V5FL5" failures="0" tests="1" name="testrunner.OrangeRunner" time="7.849" errors="0" timestamp="2023-03-30T23:08:10 EDT" skipped="0">
  <testcase classname="testrunner.OrangeRunner" name="runScenario" time="7.849"/>
  <system-out/>
</testsuite> <!-- testrunner.OrangeRunner -->
